
  .   ____          _            __ _ _
 /\\ / ___'_ __ _ _(_)_ __  __ _ \ \ \ \
( ( )\___ | '_ | '_| | '_ \/ _` | \ \ \ \
 \\/  ___)| |_)| | | | | || (_| |  ) ) ) )
  '  |____| .__|_| |_|_| |_\__, | / / / /
 =========|_|==============|___/=/_/_/_/
 :: Spring Boot ::        (v1.2.1.RELEASE)

2015-10-27 22:42:04.502  INFO 5820 --- [           main] kr.co.ymsecurity.Application             : Starting Application on localhost.localdomain with PID 5820 (started by root in /)
2015-10-27 22:42:04.593  INFO 5820 --- [           main] ationConfigEmbeddedWebApplicationContext : Refreshing org.springframework.boot.context.embedded.AnnotationConfigEmbeddedWebApplicationContext@6139ce9b: startup date [Tue Oct 27 22:42:04 KST 2015]; root of context hierarchy
2015-10-27 22:42:05.382  WARN 5820 --- [           main] .i.s.PathMatchingResourcePatternResolver : Skipping [/home/hosting_users/VitalHint/www/set1.vh/autoplatz-vat-calculator-1.0.3-20150430-172123.war] because it does not denote a directory
2015-10-27 22:42:06.809  INFO 5820 --- [           main] o.s.b.f.s.DefaultListableBeanFactory     : Overriding bean definition for bean 'beanNameViewResolver': replacing [Root bean: class [null]; scope=; abstract=false; lazyInit=false; autowireMode=3; dependencyCheck=0; autowireCandidate=true; primary=false; factoryBeanName=org.springframework.boot.autoconfigure.web.ErrorMvcAutoConfiguration$WhitelabelErrorViewConfiguration; factoryMethodName=beanNameViewResolver; initMethodName=null; destroyMethodName=(inferred); defined in class path resource [org/springframework/boot/autoconfigure/web/ErrorMvcAutoConfiguration$WhitelabelErrorViewConfiguration.class]] with [Root bean: class [null]; scope=; abstract=false; lazyInit=false; autowireMode=3; dependencyCheck=0; autowireCandidate=true; primary=false; factoryBeanName=org.springframework.boot.autoconfigure.web.WebMvcAutoConfiguration$WebMvcAutoConfigurationAdapter; factoryMethodName=beanNameViewResolver; initMethodName=null; destroyMethodName=(inferred); defined in class path resource [org/springframework/boot/autoconfigure/web/WebMvcAutoConfiguration$WebMvcAutoConfigurationAdapter.class]]
2015-10-27 22:42:08.012  INFO 5820 --- [           main] trationDelegate$BeanPostProcessorChecker : Bean 'org.springframework.transaction.annotation.ProxyTransactionManagementConfiguration' of type [class org.springframework.transaction.annotation.ProxyTransactionManagementConfiguration$$EnhancerBySpringCGLIB$$cfc68d39] is not eligible for getting processed by all BeanPostProcessors (for example: not eligible for auto-proxying)
2015-10-27 22:42:08.063  INFO 5820 --- [           main] trationDelegate$BeanPostProcessorChecker : Bean 'transactionAttributeSource' of type [class org.springframework.transaction.annotation.AnnotationTransactionAttributeSource] is not eligible for getting processed by all BeanPostProcessors (for example: not eligible for auto-proxying)
2015-10-27 22:42:08.083  INFO 5820 --- [           main] trationDelegate$BeanPostProcessorChecker : Bean 'transactionInterceptor' of type [class org.springframework.transaction.interceptor.TransactionInterceptor] is not eligible for getting processed by all BeanPostProcessors (for example: not eligible for auto-proxying)
2015-10-27 22:42:08.098  INFO 5820 --- [           main] trationDelegate$BeanPostProcessorChecker : Bean 'org.springframework.transaction.config.internalTransactionAdvisor' of type [class org.springframework.transaction.interceptor.BeanFactoryTransactionAttributeSourceAdvisor] is not eligible for getting processed by all BeanPostProcessors (for example: not eligible for auto-proxying)
2015-10-27 22:42:09.247  INFO 5820 --- [           main] s.b.c.e.t.TomcatEmbeddedServletContainer : Tomcat initialized with port(s): 8080 (http)
2015-10-27 22:42:09.800  INFO 5820 --- [           main] o.apache.catalina.core.StandardService   : Starting service Tomcat
2015-10-27 22:42:09.809  INFO 5820 --- [           main] org.apache.catalina.core.StandardEngine  : Starting Servlet Engine: Apache Tomcat/8.0.15
2015-10-27 22:42:11.277  INFO 5820 --- [ost-startStop-1] o.a.c.c.C.[Tomcat].[localhost].[/]       : Initializing Spring embedded WebApplicationContext
2015-10-27 22:42:11.278  INFO 5820 --- [ost-startStop-1] o.s.web.context.ContextLoader            : Root WebApplicationContext: initialization completed in 6690 ms
2015-10-27 22:42:14.059  INFO 5820 --- [ost-startStop-1] o.hibernate.annotations.common.Version   : HCANN000001: Hibernate Commons Annotations {4.0.4.Final}
2015-10-27 22:42:14.075  INFO 5820 --- [ost-startStop-1] org.hibernate.Version                    : HHH000412: Hibernate Core {4.3.4.Final}
2015-10-27 22:42:14.082  INFO 5820 --- [ost-startStop-1] org.hibernate.cfg.Environment            : HHH000206: hibernate.properties not found
2015-10-27 22:42:14.086  INFO 5820 --- [ost-startStop-1] org.hibernate.cfg.Environment            : HHH000021: Bytecode provider name : javassist
2015-10-27 22:42:16.600  INFO 5820 --- [ost-startStop-1] org.hibernate.dialect.Dialect            : HHH000400: Using dialect: org.hibernate.dialect.MySQL5Dialect
2015-10-27 22:42:16.971  INFO 5820 --- [ost-startStop-1] o.h.e.t.i.TransactionFactoryInitiator    : HHH000399: Using default transaction strategy (direct JDBC transactions)
2015-10-27 22:42:16.981  INFO 5820 --- [ost-startStop-1] o.h.h.i.ast.ASTQueryTranslatorFactory    : HHH000397: Using ASTQueryTranslatorFactory
2015-10-27 22:42:17.990  INFO 5820 --- [ost-startStop-1] o.s.s.web.DefaultSecurityFilterChain     : Creating filter chain: Ant [pattern='/session'], []
2015-10-27 22:42:17.990  INFO 5820 --- [ost-startStop-1] o.s.s.web.DefaultSecurityFilterChain     : Creating filter chain: Ant [pattern='/css/**'], []
2015-10-27 22:42:17.990  INFO 5820 --- [ost-startStop-1] o.s.s.web.DefaultSecurityFilterChain     : Creating filter chain: Ant [pattern='/images/**'], []
2015-10-27 22:42:17.990  INFO 5820 --- [ost-startStop-1] o.s.s.web.DefaultSecurityFilterChain     : Creating filter chain: Ant [pattern='/sound/**'], []
2015-10-27 22:42:17.990  INFO 5820 --- [ost-startStop-1] o.s.s.web.DefaultSecurityFilterChain     : Creating filter chain: Ant [pattern='/js/**'], []
2015-10-27 22:42:17.990  INFO 5820 --- [ost-startStop-1] o.s.s.web.DefaultSecurityFilterChain     : Creating filter chain: Ant [pattern='/partial/**'], []
2015-10-27 22:42:17.990  INFO 5820 --- [ost-startStop-1] o.s.s.web.DefaultSecurityFilterChain     : Creating filter chain: Ant [pattern='/font/**'], []
2015-10-27 22:42:17.990  INFO 5820 --- [ost-startStop-1] o.s.s.web.DefaultSecurityFilterChain     : Creating filter chain: Ant [pattern='/vendor/**'], []
2015-10-27 22:42:18.051  INFO 5820 --- [ost-startStop-1] o.s.s.web.DefaultSecurityFilterChain     : Creating filter chain: org.springframework.security.web.util.matcher.AnyRequestMatcher@1, [org.springframework.security.web.context.request.async.WebAsyncManagerIntegrationFilter@c208ba8, org.springframework.security.web.context.SecurityContextPersistenceFilter@72ca1505, org.springframework.security.web.header.HeaderWriterFilter@52740d2a, org.springframework.security.web.authentication.logout.LogoutFilter@4dfd08dc, org.springframework.security.web.authentication.UsernamePasswordAuthenticationFilter@2ff530fc, org.springframework.security.web.session.ConcurrentSessionFilter@2d4f62f5, org.springframework.security.web.savedrequest.RequestCacheAwareFilter@4a484d0c, org.springframework.security.web.servletapi.SecurityContextHolderAwareRequestFilter@1529d03, org.springframework.security.web.authentication.AnonymousAuthenticationFilter@2cb0c8d0, org.springframework.security.web.session.SessionManagementFilter@448abbbc, org.springframework.security.web.access.ExceptionTranslationFilter@2816a783, org.springframework.security.web.access.intercept.FilterSecurityInterceptor@6171f1ad]
2015-10-27 22:42:18.161  INFO 5820 --- [ost-startStop-1] o.s.b.c.e.ServletRegistrationBean        : Mapping servlet: 'dispatcherServlet' to [/]
2015-10-27 22:42:18.170  INFO 5820 --- [ost-startStop-1] o.s.b.c.embedded.FilterRegistrationBean  : Mapping filter: 'characterEncodingFilter' to: [/*]
2015-10-27 22:42:18.171  INFO 5820 --- [ost-startStop-1] o.s.b.c.embedded.FilterRegistrationBean  : Mapping filter: 'springSecurityFilterChain' to: [/*]
2015-10-27 22:42:18.171  INFO 5820 --- [ost-startStop-1] o.s.b.c.embedded.FilterRegistrationBean  : Mapping filter: 'hiddenHttpMethodFilter' to: [/*]
2015-10-27 22:42:35.210  INFO 5820 --- [ost-startStop-1] o.a.c.util.SessionIdGeneratorBase        : Creation of SecureRandom instance for session ID generation using [SHA1PRNG] took [17,037] milliseconds.
2015-10-27 22:42:35.424  INFO 5820 --- [           main] j.LocalContainerEntityManagerFactoryBean : Building JPA container EntityManagerFactory for persistence unit 'default'
2015-10-27 22:42:35.444  INFO 5820 --- [           main] o.hibernate.jpa.internal.util.LogHelper  : HHH000204: Processing PersistenceUnitInfo [
	name: default
	...]
2015-10-27 22:42:35.911  INFO 5820 --- [           main] org.hibernate.dialect.Dialect            : HHH000400: Using dialect: org.hibernate.dialect.MySQL5Dialect
2015-10-27 22:42:35.944  INFO 5820 --- [           main] o.h.h.i.ast.ASTQueryTranslatorFactory    : HHH000397: Using ASTQueryTranslatorFactory
2015-10-27 22:42:36.927  INFO 5820 --- [           main] o.s.o.h.HibernateTransactionManager      : Using DataSource [org.apache.tomcat.jdbc.pool.DataSource@6e0f0f43{ConnectionPool[defaultAutoCommit=null; defaultReadOnly=null; defaultTransactionIsolation=-1; defaultCatalog=null; driverClassName=com.mysql.jdbc.Driver; maxActive=100; maxIdle=50; minIdle=10; initialSize=10; maxWait=30000; testOnBorrow=true; testOnReturn=false; timeBetweenEvictionRunsMillis=30000; numTestsPerEvictionRun=3; minEvictableIdleTimeMillis=30000; testWhileIdle=true; testOnConnect=false; password=********; url=jdbc:mysql://vat.ymsecurity.co.kr:3306/autoplatz_vat?characterEncoding=UTF-8&useUnicode=true; username=root; validationQuery=select 1; validationQueryTimeout=-1; validatorClassName=null; validationInterval=30000; accessToUnderlyingConnectionAllowed=true; removeAbandoned=true; removeAbandonedTimeout=60; logAbandoned=true; connectionProperties=null; initSQL=null; jdbcInterceptors=null; jmxEnabled=true; fairQueue=true; useEquals=true; abandonWhenPercentageFull=0; maxAge=0; useLock=false; dataSource=null; dataSourceJNDI=null; suspectTimeout=0; alternateUsernameAllowed=false; commitOnReturn=false; rollbackOnReturn=false; useDisposableConnectionFacade=true; logValidationErrors=false; propagateInterruptState=false; ignoreExceptionOnPreLoad=false; }] of Hibernate SessionFactory for HibernateTransactionManager
2015-10-27 22:42:37.196  INFO 5820 --- [           main] s.w.s.m.m.a.RequestMappingHandlerAdapter : Looking for @ControllerAdvice: org.springframework.boot.context.embedded.AnnotationConfigEmbeddedWebApplicationContext@6139ce9b: startup date [Tue Oct 27 22:42:04 KST 2015]; root of context hierarchy
2015-10-27 22:42:37.215  INFO 5820 --- [           main] s.w.s.m.m.a.RequestMappingHandlerAdapter : Detected @ModelAttribute methods in autoplatzAdviceController
2015-10-27 22:42:37.359  INFO 5820 --- [           main] s.w.s.m.m.a.RequestMappingHandlerMapping : Mapped "{[/admin],methods=[GET],params=[],headers=[],consumes=[],produces=[],custom=[]}" onto public java.lang.String kr.co.ymsecurity.controller.AdminController.admin(org.springframework.ui.Model,java.lang.String)
2015-10-27 22:42:37.359  INFO 5820 --- [           main] s.w.s.m.m.a.RequestMappingHandlerMapping : Mapped "{[/admin/modify],methods=[POST],params=[],headers=[],consumes=[],produces=[],custom=[]}" onto public java.lang.String kr.co.ymsecurity.controller.AdminController.modify(org.springframework.ui.Model,java.lang.String,java.lang.String)
2015-10-27 22:42:37.359  INFO 5820 --- [           main] s.w.s.m.m.a.RequestMappingHandlerMapping : Mapped "{[/admin/delete],methods=[POST],params=[],headers=[],consumes=[],produces=[],custom=[]}" onto public java.lang.String kr.co.ymsecurity.controller.AdminController.delete(org.springframework.ui.Model,java.lang.String)
2015-10-27 22:42:37.360  INFO 5820 --- [           main] s.w.s.m.m.a.RequestMappingHandlerMapping : Mapped "{[/declaration/downcsv],methods=[GET],params=[],headers=[],consumes=[],produces=[],custom=[]}" onto public void kr.co.ymsecurity.controller.DeclarationController.downcsv(org.springframework.ui.Model,java.lang.Integer,java.lang.String,java.lang.String,java.security.Principal,javax.servlet.http.HttpServletResponse)
2015-10-27 22:42:37.360  INFO 5820 --- [           main] s.w.s.m.m.a.RequestMappingHandlerMapping : Mapped "{[/declaration],methods=[GET],params=[],headers=[],consumes=[],produces=[],custom=[]}" onto public java.lang.String kr.co.ymsecurity.controller.DeclarationController.declaration(org.springframework.ui.Model,java.lang.Integer,java.lang.String,java.lang.String,java.security.Principal)
2015-10-27 22:42:37.361  INFO 5820 --- [           main] s.w.s.m.m.a.RequestMappingHandlerMapping : Mapped "{[/],methods=[],params=[],headers=[],consumes=[],produces=[],custom=[]}" onto public java.lang.String kr.co.ymsecurity.controller.HelloController.index(org.springframework.ui.Model)
2015-10-27 22:42:37.361  INFO 5820 --- [           main] s.w.s.m.m.a.RequestMappingHandlerMapping : Mapped "{[/login],methods=[GET],params=[],headers=[],consumes=[],produces=[],custom=[]}" onto public java.lang.String kr.co.ymsecurity.controller.LoginController.login(org.springframework.ui.Model,java.lang.String)
2015-10-27 22:42:37.361  INFO 5820 --- [           main] s.w.s.m.m.a.RequestMappingHandlerMapping : Mapped "{[/session],methods=[],params=[],headers=[],consumes=[],produces=[],custom=[]}" onto public java.lang.String kr.co.ymsecurity.controller.LoginController.duplicateSession(org.springframework.ui.Model,java.lang.String)
2015-10-27 22:42:37.362  INFO 5820 --- [           main] s.w.s.m.m.a.RequestMappingHandlerMapping : Mapped "{[/mypage/edit/password],methods=[POST],params=[],headers=[],consumes=[],produces=[],custom=[]}" onto public java.lang.String kr.co.ymsecurity.controller.MypageController.password(org.springframework.ui.Model,java.lang.String,java.security.Principal)
2015-10-27 22:42:37.362  INFO 5820 --- [           main] s.w.s.m.m.a.RequestMappingHandlerMapping : Mapped "{[/mypage],methods=[GET],params=[],headers=[],consumes=[],produces=[],custom=[]}" onto public java.lang.String kr.co.ymsecurity.controller.MypageController.mypage(org.springframework.ui.Model,java.lang.String)
2015-10-27 22:42:37.362  INFO 5820 --- [           main] s.w.s.m.m.a.RequestMappingHandlerMapping : Mapped "{[/mypage/edit],methods=[GET],params=[],headers=[],consumes=[],produces=[],custom=[]}" onto public java.lang.String kr.co.ymsecurity.controller.MypageController.editGet(org.springframework.ui.Model)
2015-10-27 22:42:37.362  INFO 5820 --- [           main] s.w.s.m.m.a.RequestMappingHandlerMapping : Mapped "{[/mypage/edit],methods=[POST],params=[],headers=[],consumes=[],produces=[],custom=[]}" onto public java.lang.String kr.co.ymsecurity.controller.MypageController.edit(org.springframework.ui.Model,java.lang.String,java.lang.String)
2015-10-27 22:42:37.364  INFO 5820 --- [           main] s.w.s.m.m.a.RequestMappingHandlerMapping : Mapped "{[/report],methods=[GET],params=[],headers=[],consumes=[],produces=[],custom=[]}" onto public java.lang.String kr.co.ymsecurity.controller.ReportController.report(org.springframework.ui.Model,java.lang.String,java.lang.String,java.lang.String,java.lang.String,java.lang.String,java.lang.String,java.security.Principal)
2015-10-27 22:42:37.364  INFO 5820 --- [           main] s.w.s.m.m.a.RequestMappingHandlerMapping : Mapped "{[/report/undoDelete],methods=[POST],params=[],headers=[],consumes=[],produces=[],custom=[]}" onto public java.util.Map<java.lang.String, java.lang.Object> kr.co.ymsecurity.controller.ReportController.undoDelete(org.springframework.ui.Model,java.lang.Integer,java.security.Principal)
2015-10-27 22:42:37.364  INFO 5820 --- [           main] s.w.s.m.m.a.RequestMappingHandlerMapping : Mapped "{[/report/downcsv],methods=[GET],params=[],headers=[],consumes=[],produces=[],custom=[]}" onto public void kr.co.ymsecurity.controller.ReportController.downcsv(org.springframework.ui.Model,java.lang.String,java.lang.String,java.lang.String,java.lang.String,java.lang.String,java.security.Principal,javax.servlet.http.HttpServletResponse)
2015-10-27 22:42:37.365  INFO 5820 --- [           main] s.w.s.m.m.a.RequestMappingHandlerMapping : Mapped "{[/report/modify],methods=[POST],params=[],headers=[],consumes=[],produces=[],custom=[]}" onto public java.util.Map<java.lang.String, java.lang.Object> kr.co.ymsecurity.controller.ReportController.modify(org.springframework.ui.Model,java.lang.Integer,java.lang.Integer,java.lang.String,java.lang.Integer,java.lang.String,java.lang.String,java.lang.Integer,java.lang.Integer,java.lang.Integer,java.lang.String,java.lang.String,java.lang.Integer,java.security.Principal)
2015-10-27 22:42:37.365  INFO 5820 --- [           main] s.w.s.m.m.a.RequestMappingHandlerMapping : Mapped "{[/report/log/{idx}],methods=[GET],params=[],headers=[],consumes=[],produces=[],custom=[]}" onto public java.lang.String kr.co.ymsecurity.controller.ReportController.log(org.springframework.ui.Model,java.lang.String,javax.servlet.http.HttpServletResponse)
2015-10-27 22:42:37.365  INFO 5820 --- [           main] s.w.s.m.m.a.RequestMappingHandlerMapping : Mapped "{[/report/log],methods=[GET],params=[],headers=[],consumes=[],produces=[],custom=[]}" onto public java.lang.String kr.co.ymsecurity.controller.ReportController.log(org.springframework.ui.Model)
2015-10-27 22:42:37.366  INFO 5820 --- [           main] s.w.s.m.m.a.RequestMappingHandlerMapping : Mapped "{[/report/delete],methods=[POST],params=[],headers=[],consumes=[],produces=[],custom=[]}" onto public java.util.Map<java.lang.String, java.lang.Object> kr.co.ymsecurity.controller.ReportController.delete(org.springframework.ui.Model,java.lang.Integer,java.security.Principal)
2015-10-27 22:42:37.366  INFO 5820 --- [           main] s.w.s.m.m.a.RequestMappingHandlerMapping : Mapped "{[/report/insert],methods=[POST],params=[],headers=[],consumes=[],produces=[],custom=[]}" onto public java.util.Map<java.lang.String, java.lang.Object> kr.co.ymsecurity.controller.ReportController.insert(org.springframework.ui.Model,java.lang.Integer,java.lang.String,java.lang.Integer,java.lang.String,java.lang.String,java.lang.Integer,java.lang.Integer,java.lang.Integer,java.lang.String,java.lang.String,java.lang.Integer,java.security.Principal)
2015-10-27 22:42:37.366  INFO 5820 --- [           main] s.w.s.m.m.a.RequestMappingHandlerMapping : Mapped "{[/upload],methods=[POST],params=[],headers=[],consumes=[],produces=[],custom=[]}" onto public java.lang.String kr.co.ymsecurity.controller.UploadController.upload(org.springframework.ui.Model,org.springframework.web.multipart.MultipartFile,java.security.Principal)
2015-10-27 22:42:37.369  INFO 5820 --- [           main] s.w.s.m.m.a.RequestMappingHandlerMapping : Mapped "{[/error],methods=[],params=[],headers=[],consumes=[],produces=[text/html],custom=[]}" onto public org.springframework.web.servlet.ModelAndView org.springframework.boot.autoconfigure.web.BasicErrorController.errorHtml(javax.servlet.http.HttpServletRequest)
2015-10-27 22:42:37.369  INFO 5820 --- [           main] s.w.s.m.m.a.RequestMappingHandlerMapping : Mapped "{[/error],methods=[],params=[],headers=[],consumes=[],produces=[],custom=[]}" onto public org.springframework.http.ResponseEntity<java.util.Map<java.lang.String, java.lang.Object>> org.springframework.boot.autoconfigure.web.BasicErrorController.error(javax.servlet.http.HttpServletRequest)
2015-10-27 22:42:37.434  INFO 5820 --- [           main] o.s.w.s.handler.SimpleUrlHandlerMapping  : Mapped URL path [/**] onto handler of type [class org.springframework.web.servlet.resource.ResourceHttpRequestHandler]
2015-10-27 22:42:37.434  INFO 5820 --- [           main] o.s.w.s.handler.SimpleUrlHandlerMapping  : Mapped URL path [/webjars/**] onto handler of type [class org.springframework.web.servlet.resource.ResourceHttpRequestHandler]
2015-10-27 22:42:37.526  INFO 5820 --- [           main] o.s.w.s.handler.SimpleUrlHandlerMapping  : Mapped URL path [/**/favicon.ico] onto handler of type [class org.springframework.web.servlet.resource.ResourceHttpRequestHandler]
2015-10-27 22:42:38.300  INFO 5820 --- [           main] o.s.ui.freemarker.SpringTemplateLoader   : SpringTemplateLoader for FreeMarker: using resource loader [org.springframework.boot.context.embedded.AnnotationConfigEmbeddedWebApplicationContext@6139ce9b: startup date [Tue Oct 27 22:42:04 KST 2015]; root of context hierarchy] and template loader path [classpath:/templates/]
2015-10-27 22:42:38.302  INFO 5820 --- [           main] o.s.w.s.v.f.FreeMarkerConfigurer         : ClassTemplateLoader for Spring macros added to FreeMarker configuration
2015-10-27 22:42:38.583  INFO 5820 --- [           main] o.s.j.e.a.AnnotationMBeanExporter        : Registering beans for JMX exposure on startup
2015-10-27 22:42:38.698  INFO 5820 --- [           main] s.b.c.e.t.TomcatEmbeddedServletContainer : Tomcat started on port(s): 8080 (http)
2015-10-27 22:42:38.700  INFO 5820 --- [           main] kr.co.ymsecurity.Application             : Started Application in 34.775 seconds (JVM running for 36.004)
