*** Starting uWSGI 2.0.11.2 (64bit) on [Sun Oct 11 05:30:37 2015] ***
compiled with version: 4.8.3 20140911 (Red Hat 4.8.3-9) on 08 October 2015 00:59:20
os: Linux-3.10.0-123.8.1.el7.x86_64 #1 SMP Mon Sep 22 19:06:58 UTC 2014
nodename: 11d485743346
machine: x86_64
clock source: unix
detected number of CPU cores: 1
current working directory: /root/cSite/cSite
writing pidfile to /root/cSite/log/master.pid
detected binary path: /usr/bin/uwsgi
!!! no internal routing support, rebuild with pcre support !!!
uWSGI running as root, you can use --uid/--gid/--chroot options
*** WARNING: you are running uWSGI as root !!! (use the --uid flag) *** 
chdir() to /root/cSite
your processes number limit is 1048576
your memory page size is 4096 bytes
detected max file descriptor number: 1048576
lock engine: pthread robust mutexes
thunder lock: disabled (you can enable it with --thunder-lock)
uWSGI http bound on 0.0.0.0:80 fd 4
uwsgi socket 0 bound to TCP address 127.0.0.1:39023 (port auto-assigned) fd 3
Python version: 2.7.5 (default, Jun 24 2015, 00:41:19)  [GCC 4.8.3 20140911 (Red Hat 4.8.3-9)]
*** Python threads support is disabled. You can enable it with --enable-threads ***
Python main interpreter initialized at 0x1725540
your server socket listen backlog is limited to 100 connections
your mercy for graceful operations on workers is 60 seconds
mapped 363800 bytes (355 KB) for 4 cores
*** Operational MODE: preforking ***
WSGI app 0 (mountpoint='') ready in 1 seconds on interpreter 0x1725540 pid: 1658 (default app)
*** uWSGI is running in multiple interpreter mode ***
spawned uWSGI master process (pid: 1658)
spawned uWSGI worker 1 (pid: 1663, cores: 1)
spawned uWSGI worker 2 (pid: 1664, cores: 1)
spawned uWSGI worker 3 (pid: 1665, cores: 1)
spawned uWSGI worker 4 (pid: 1666, cores: 1)
spawned uWSGI http 1 (pid: 1667)
[pid: 1664|app: 0|req: 1/1] 119.70.59.204 () {38 vars in 642 bytes} [Sun Oct 11 05:30:47 2015] GET /list => generated 1917 bytes in 40 msecs (HTTP/1.1 404) 2 headers in 80 bytes (1 switches on core 0)
[pid: 1663|app: 0|req: 1/2] 119.70.59.204 () {36 vars in 603 bytes} [Sun Oct 11 05:30:58 2015] GET / => generated 1767 bytes in 48 msecs (HTTP/1.1 200) 2 headers in 73 bytes (1 switches on core 0)
